{"C:\\dev\\react-class-components\\src\\App.tsx": {"path":"C:\\dev\\react-class-components\\src\\App.tsx","statementMap":{"0":{"start":{"line":11,"column":20},"end":{"line":11,"column":null}},"1":{"start":{"line":38,"column":19},"end":{"line":61,"column":null}},"2":{"start":{"line":65,"column":2},"end":{"line":81,"column":null}},"3":{"start":{"line":22,"column":4},"end":{"line":22,"column":null}},"4":{"start":{"line":24,"column":28},"end":{"line":24,"column":null}},"5":{"start":{"line":26,"column":4},"end":{"line":31,"column":null}},"6":{"start":{"line":35,"column":4},"end":{"line":35,"column":null}},"7":{"start":{"line":39,"column":4},"end":{"line":42,"column":null}},"8":{"start":{"line":44,"column":4},"end":{"line":61,"column":null}},"9":{"start":{"line":45,"column":25},"end":{"line":45,"column":58}},"10":{"start":{"line":47,"column":6},"end":{"line":50,"column":null}},"11":{"start":{"line":53,"column":8},"end":{"line":55,"column":null}},"12":{"start":{"line":57,"column":6},"end":{"line":61,"column":null}},"13":{"start":{"line":66,"column":25},"end":{"line":66,"column":37}},"14":{"start":{"line":68,"column":4},"end":{"line":69,"column":null}},"15":{"start":{"line":69,"column":6},"end":{"line":69,"column":null}},"16":{"start":{"line":72,"column":4},"end":{"line":72,"column":null}},"17":{"start":{"line":74,"column":4},"end":{"line":81,"column":null}},"18":{"start":{"line":79,"column":8},"end":{"line":79,"column":null}},"19":{"start":{"line":85,"column":52},"end":{"line":85,"column":null}},"20":{"start":{"line":87,"column":4},"end":{"line":88,"column":null}},"21":{"start":{"line":88,"column":6},"end":{"line":88,"column":null}},"22":{"start":{"line":91,"column":4},"end":{"line":92,"column":null}},"23":{"start":{"line":92,"column":6},"end":{"line":92,"column":null}},"24":{"start":{"line":95,"column":4},"end":{"line":95,"column":null}},"25":{"start":{"line":99,"column":4},"end":{"line":117,"column":null}}},"fnMap":{"0":{"name":"(anonymous_0)","decl":{"start":{"line":21,"column":2},"end":{"line":21,"column":14}},"loc":{"start":{"line":21,"column":29},"end":{"line":31,"column":null}},"line":21},"1":{"name":"(anonymous_1)","decl":{"start":{"line":34,"column":2},"end":{"line":34,"column":22}},"loc":{"start":{"line":34,"column":22},"end":{"line":35,"column":null}},"line":34},"2":{"name":"(anonymous_2)","decl":{"start":{"line":38,"column":19},"end":{"line":38,"column":26}},"loc":{"start":{"line":38,"column":49},"end":{"line":61,"column":null}},"line":38},"3":{"name":"(anonymous_3)","decl":{"start":{"line":65,"column":2},"end":{"line":65,"column":18}},"loc":{"start":{"line":65,"column":36},"end":{"line":81,"column":null}},"line":65},"4":{"name":"(anonymous_4)","decl":{"start":{"line":77,"column":7},"end":{"line":77,"column":null}},"loc":{"start":{"line":78,"column":12},"end":{"line":81,"column":null}},"line":78},"5":{"name":"(anonymous_5)","decl":{"start":{"line":84,"column":2},"end":{"line":84,"column":18}},"loc":{"start":{"line":84,"column":18},"end":{"line":95,"column":null}},"line":84},"6":{"name":"(anonymous_6)","decl":{"start":{"line":98,"column":2},"end":{"line":98,"column":11}},"loc":{"start":{"line":98,"column":11},"end":{"line":117,"column":null}},"line":98}},"branchMap":{"0":{"loc":{"start":{"line":24,"column":28},"end":{"line":24,"column":null}},"type":"binary-expr","locations":[{"start":{"line":24,"column":28},"end":{"line":24,"column":61}},{"start":{"line":24,"column":65},"end":{"line":24,"column":null}}],"line":24},"1":{"loc":{"start":{"line":53,"column":8},"end":{"line":55,"column":null}},"type":"cond-expr","locations":[{"start":{"line":54,"column":12},"end":{"line":54,"column":null}},{"start":{"line":55,"column":12},"end":{"line":55,"column":null}}],"line":53},"2":{"loc":{"start":{"line":68,"column":4},"end":{"line":69,"column":null}},"type":"if","locations":[{"start":{"line":68,"column":4},"end":{"line":69,"column":null}},{"start":{},"end":{}}],"line":68},"3":{"loc":{"start":{"line":87,"column":4},"end":{"line":88,"column":null}},"type":"if","locations":[{"start":{"line":87,"column":4},"end":{"line":88,"column":null}},{"start":{},"end":{}}],"line":87},"4":{"loc":{"start":{"line":91,"column":4},"end":{"line":92,"column":null}},"type":"if","locations":[{"start":{"line":91,"column":4},"end":{"line":92,"column":null}},{"start":{},"end":{}}],"line":91}},"s":{"0":1,"1":7,"2":2,"3":6,"4":6,"5":6,"6":6,"7":7,"8":7,"9":7,"10":6,"11":1,"12":1,"13":2,"14":2,"15":1,"16":1,"17":1,"18":1,"19":21,"20":21,"21":7,"22":14,"23":1,"24":13,"25":21},"f":{"0":6,"1":6,"2":7,"3":2,"4":1,"5":21,"6":21},"b":{"0":[6,4],"1":[1,0],"2":[1,1],"3":[7,14],"4":[1,13]},"meta":{"lastBranch":5,"lastFunction":7,"lastStatement":26,"seen":{"s:11:20:11:Infinity":0,"s:38:19:61:Infinity":1,"s:65:2:81:Infinity":2,"f:21:2:21:14":0,"s:22:4:22:Infinity":3,"s:24:28:24:Infinity":4,"b:24:28:24:61:24:65:24:Infinity":0,"s:26:4:31:Infinity":5,"f:34:2:34:22":1,"s:35:4:35:Infinity":6,"f:38:19:38:26":2,"s:39:4:42:Infinity":7,"s:44:4:61:Infinity":8,"s:45:25:45:58":9,"s:47:6:50:Infinity":10,"s:53:8:55:Infinity":11,"b:54:12:54:Infinity:55:12:55:Infinity":1,"s:57:6:61:Infinity":12,"f:65:2:65:18":3,"s:66:25:66:37":13,"b:68:4:69:Infinity:undefined:undefined:undefined:undefined":2,"s:68:4:69:Infinity":14,"s:69:6:69:Infinity":15,"s:72:4:72:Infinity":16,"s:74:4:81:Infinity":17,"f:77:7:77:Infinity":4,"s:79:8:79:Infinity":18,"f:84:2:84:18":5,"s:85:52:85:Infinity":19,"b:87:4:88:Infinity:undefined:undefined:undefined:undefined":3,"s:87:4:88:Infinity":20,"s:88:6:88:Infinity":21,"b:91:4:92:Infinity:undefined:undefined:undefined:undefined":4,"s:91:4:92:Infinity":22,"s:92:6:92:Infinity":23,"s:95:4:95:Infinity":24,"f:98:2:98:11":6,"s:99:4:117:Infinity":25}}}
,"C:\\dev\\react-class-components\\src\\api\\charactersApi.ts": {"path":"C:\\dev\\react-class-components\\src\\api\\charactersApi.ts","statementMap":{"0":{"start":{"line":3,"column":17},"end":{"line":3,"column":null}},"1":{"start":{"line":5,"column":31},"end":{"line":22,"column":null}},"2":{"start":{"line":6,"column":17},"end":{"line":6,"column":38}},"3":{"start":{"line":8,"column":2},"end":{"line":8,"column":null}},"4":{"start":{"line":10,"column":2},"end":{"line":11,"column":null}},"5":{"start":{"line":11,"column":4},"end":{"line":11,"column":null}},"6":{"start":{"line":14,"column":19},"end":{"line":14,"column":66}},"7":{"start":{"line":16,"column":2},"end":{"line":17,"column":null}},"8":{"start":{"line":17,"column":4},"end":{"line":17,"column":null}},"9":{"start":{"line":20,"column":35},"end":{"line":20,"column":56}},"10":{"start":{"line":22,"column":2},"end":{"line":22,"column":null}}},"fnMap":{"0":{"name":"(anonymous_0)","decl":{"start":{"line":5,"column":31},"end":{"line":5,"column":38}},"loc":{"start":{"line":5,"column":83},"end":{"line":22,"column":null}},"line":5}},"branchMap":{"0":{"loc":{"start":{"line":10,"column":2},"end":{"line":11,"column":null}},"type":"if","locations":[{"start":{"line":10,"column":2},"end":{"line":11,"column":null}},{"start":{},"end":{}}],"line":10},"1":{"loc":{"start":{"line":16,"column":2},"end":{"line":17,"column":null}},"type":"if","locations":[{"start":{"line":16,"column":2},"end":{"line":17,"column":null}},{"start":{},"end":{}}],"line":16}},"s":{"0":1,"1":1,"2":3,"3":3,"4":3,"5":2,"6":3,"7":3,"8":1,"9":2,"10":2},"f":{"0":3},"b":{"0":[2,1],"1":[1,2]},"meta":{"lastBranch":2,"lastFunction":1,"lastStatement":11,"seen":{"s:3:17:3:Infinity":0,"s:5:31:22:Infinity":1,"f:5:31:5:38":0,"s:6:17:6:38":2,"s:8:2:8:Infinity":3,"b:10:2:11:Infinity:undefined:undefined:undefined:undefined":0,"s:10:2:11:Infinity":4,"s:11:4:11:Infinity":5,"s:14:19:14:66":6,"b:16:2:17:Infinity:undefined:undefined:undefined:undefined":1,"s:16:2:17:Infinity":7,"s:17:4:17:Infinity":8,"s:20:35:20:56":9,"s:22:2:22:Infinity":10}}}
,"C:\\dev\\react-class-components\\src\\components\\AppErrorBoundary.tsx": {"path":"C:\\dev\\react-class-components\\src\\components\\AppErrorBoundary.tsx","statementMap":{"0":{"start":{"line":16,"column":4},"end":{"line":16,"column":null}},"1":{"start":{"line":18,"column":4},"end":{"line":20,"column":null}},"2":{"start":{"line":24,"column":4},"end":{"line":26,"column":null}},"3":{"start":{"line":30,"column":4},"end":{"line":30,"column":null}},"4":{"start":{"line":34,"column":4},"end":{"line":41,"column":null}},"5":{"start":{"line":35,"column":6},"end":{"line":41,"column":null}},"6":{"start":{"line":45,"column":4},"end":{"line":45,"column":null}}},"fnMap":{"0":{"name":"(anonymous_0)","decl":{"start":{"line":15,"column":2},"end":{"line":15,"column":14}},"loc":{"start":{"line":15,"column":44},"end":{"line":20,"column":null}},"line":15},"1":{"name":"(anonymous_1)","decl":{"start":{"line":23,"column":9},"end":{"line":23,"column":59}},"loc":{"start":{"line":23,"column":59},"end":{"line":26,"column":null}},"line":23},"2":{"name":"(anonymous_2)","decl":{"start":{"line":29,"column":2},"end":{"line":29,"column":20}},"loc":{"start":{"line":29,"column":56},"end":{"line":30,"column":null}},"line":29},"3":{"name":"(anonymous_3)","decl":{"start":{"line":33,"column":2},"end":{"line":33,"column":11}},"loc":{"start":{"line":33,"column":11},"end":{"line":45,"column":null}},"line":33}},"branchMap":{"0":{"loc":{"start":{"line":34,"column":4},"end":{"line":41,"column":null}},"type":"if","locations":[{"start":{"line":34,"column":4},"end":{"line":41,"column":null}},{"start":{},"end":{}}],"line":34}},"s":{"0":6,"1":6,"2":0,"3":0,"4":21,"5":0,"6":21},"f":{"0":6,"1":1,"2":0,"3":21},"b":{"0":[0,21]},"meta":{"lastBranch":1,"lastFunction":4,"lastStatement":7,"seen":{"f:15:2:15:14":0,"s:16:4:16:Infinity":0,"s:18:4:20:Infinity":1,"f:23:9:23:59":1,"s:24:4:26:Infinity":2,"f:29:2:29:20":2,"s:30:4:30:Infinity":3,"f:33:2:33:11":3,"b:34:4:41:Infinity:undefined:undefined:undefined:undefined":0,"s:34:4:41:Infinity":4,"s:35:6:41:Infinity":5,"s:45:4:45:Infinity":6}}}
,"C:\\dev\\react-class-components\\src\\components\\Card.tsx": {"path":"C:\\dev\\react-class-components\\src\\components\\Card.tsx","statementMap":{"0":{"start":{"line":10,"column":26},"end":{"line":10,"column":null}},"1":{"start":{"line":12,"column":4},"end":{"line":20,"column":null}}},"fnMap":{"0":{"name":"(anonymous_0)","decl":{"start":{"line":9,"column":2},"end":{"line":9,"column":11}},"loc":{"start":{"line":9,"column":11},"end":{"line":20,"column":null}},"line":9}},"branchMap":{},"s":{"0":10,"1":10},"f":{"0":10},"b":{},"meta":{"lastBranch":0,"lastFunction":1,"lastStatement":2,"seen":{"f:9:2:9:11":0,"s:10:26:10:Infinity":0,"s:12:4:20:Infinity":1}}}
,"C:\\dev\\react-class-components\\src\\components\\CardList.tsx": {"path":"C:\\dev\\react-class-components\\src\\components\\CardList.tsx","statementMap":{"0":{"start":{"line":11,"column":27},"end":{"line":11,"column":null}},"1":{"start":{"line":13,"column":4},"end":{"line":14,"column":null}},"2":{"start":{"line":14,"column":6},"end":{"line":14,"column":null}},"3":{"start":{"line":17,"column":4},"end":{"line":22,"column":null}},"4":{"start":{"line":20,"column":10},"end":{"line":20,"column":null}}},"fnMap":{"0":{"name":"(anonymous_0)","decl":{"start":{"line":10,"column":2},"end":{"line":10,"column":11}},"loc":{"start":{"line":10,"column":11},"end":{"line":22,"column":null}},"line":10},"1":{"name":"(anonymous_1)","decl":{"start":{"line":19,"column":20},"end":{"line":19,"column":25}},"loc":{"start":{"line":20,"column":10},"end":{"line":20,"column":null}},"line":20}},"branchMap":{"0":{"loc":{"start":{"line":13,"column":4},"end":{"line":14,"column":null}},"type":"if","locations":[{"start":{"line":13,"column":4},"end":{"line":14,"column":null}},{"start":{},"end":{}}],"line":13}},"s":{"0":15,"1":15,"2":7,"3":8,"4":9},"f":{"0":15,"1":9},"b":{"0":[7,8]},"meta":{"lastBranch":1,"lastFunction":2,"lastStatement":5,"seen":{"f:10:2:10:11":0,"s:11:27:11:Infinity":0,"b:13:4:14:Infinity:undefined:undefined:undefined:undefined":0,"s:13:4:14:Infinity":1,"s:14:6:14:Infinity":2,"s:17:4:22:Infinity":3,"f:19:20:19:25":1,"s:20:10:20:Infinity":4}}}
,"C:\\dev\\react-class-components\\src\\components\\ErrorButton.tsx": {"path":"C:\\dev\\react-class-components\\src\\components\\ErrorButton.tsx","statementMap":{"0":{"start":{"line":16,"column":2},"end":{"line":17,"column":null}},"1":{"start":{"line":9,"column":4},"end":{"line":9,"column":null}},"2":{"start":{"line":11,"column":4},"end":{"line":13,"column":null}},"3":{"start":{"line":17,"column":4},"end":{"line":17,"column":null}},"4":{"start":{"line":21,"column":4},"end":{"line":22,"column":null}},"5":{"start":{"line":22,"column":6},"end":{"line":22,"column":null}},"6":{"start":{"line":25,"column":4},"end":{"line":28,"column":null}}},"fnMap":{"0":{"name":"(anonymous_0)","decl":{"start":{"line":8,"column":2},"end":{"line":8,"column":14}},"loc":{"start":{"line":8,"column":29},"end":{"line":13,"column":null}},"line":8},"1":{"name":"(anonymous_1)","decl":{"start":{"line":16,"column":2},"end":{"line":16,"column":22}},"loc":{"start":{"line":16,"column":22},"end":{"line":17,"column":null}},"line":16},"2":{"name":"(anonymous_2)","decl":{"start":{"line":20,"column":2},"end":{"line":20,"column":11}},"loc":{"start":{"line":20,"column":11},"end":{"line":28,"column":null}},"line":20}},"branchMap":{"0":{"loc":{"start":{"line":21,"column":4},"end":{"line":22,"column":null}},"type":"if","locations":[{"start":{"line":21,"column":4},"end":{"line":22,"column":null}},{"start":{},"end":{}}],"line":21}},"s":{"0":0,"1":6,"2":6,"3":0,"4":21,"5":0,"6":21},"f":{"0":6,"1":0,"2":21},"b":{"0":[0,21]},"meta":{"lastBranch":1,"lastFunction":3,"lastStatement":7,"seen":{"s:16:2:17:Infinity":0,"f:8:2:8:14":0,"s:9:4:9:Infinity":1,"s:11:4:13:Infinity":2,"f:16:2:16:22":1,"s:17:4:17:Infinity":3,"f:20:2:20:11":2,"b:21:4:22:Infinity:undefined:undefined:undefined:undefined":0,"s:21:4:22:Infinity":4,"s:22:6:22:Infinity":5,"s:25:4:28:Infinity":6}}}
,"C:\\dev\\react-class-components\\src\\components\\Loader.tsx": {"path":"C:\\dev\\react-class-components\\src\\components\\Loader.tsx","statementMap":{"0":{"start":{"line":5,"column":4},"end":{"line":5,"column":null}}},"fnMap":{"0":{"name":"(anonymous_0)","decl":{"start":{"line":4,"column":2},"end":{"line":4,"column":11}},"loc":{"start":{"line":4,"column":11},"end":{"line":5,"column":null}},"line":4}},"branchMap":{},"s":{"0":8},"f":{"0":8},"b":{},"meta":{"lastBranch":0,"lastFunction":1,"lastStatement":1,"seen":{"f:4:2:4:11":0,"s:5:4:5:Infinity":0}}}
,"C:\\dev\\react-class-components\\src\\components\\Search.tsx": {"path":"C:\\dev\\react-class-components\\src\\components\\Search.tsx","statementMap":{"0":{"start":{"line":27,"column":2},"end":{"line":28,"column":null}},"1":{"start":{"line":31,"column":2},"end":{"line":33,"column":null}},"2":{"start":{"line":14,"column":4},"end":{"line":14,"column":null}},"3":{"start":{"line":16,"column":4},"end":{"line":18,"column":null}},"4":{"start":{"line":22,"column":4},"end":{"line":23,"column":null}},"5":{"start":{"line":23,"column":6},"end":{"line":23,"column":null}},"6":{"start":{"line":28,"column":4},"end":{"line":28,"column":null}},"7":{"start":{"line":32,"column":4},"end":{"line":32,"column":null}},"8":{"start":{"line":33,"column":4},"end":{"line":33,"column":null}},"9":{"start":{"line":37,"column":4},"end":{"line":48,"column":null}}},"fnMap":{"0":{"name":"(anonymous_0)","decl":{"start":{"line":13,"column":2},"end":{"line":13,"column":14}},"loc":{"start":{"line":13,"column":34},"end":{"line":18,"column":null}},"line":13},"1":{"name":"(anonymous_1)","decl":{"start":{"line":21,"column":2},"end":{"line":21,"column":21}},"loc":{"start":{"line":21,"column":45},"end":{"line":23,"column":null}},"line":21},"2":{"name":"(anonymous_2)","decl":{"start":{"line":27,"column":2},"end":{"line":27,"column":18}},"loc":{"start":{"line":27,"column":59},"end":{"line":28,"column":null}},"line":27},"3":{"name":"(anonymous_3)","decl":{"start":{"line":31,"column":2},"end":{"line":31,"column":18}},"loc":{"start":{"line":31,"column":56},"end":{"line":33,"column":null}},"line":31},"4":{"name":"(anonymous_4)","decl":{"start":{"line":36,"column":2},"end":{"line":36,"column":11}},"loc":{"start":{"line":36,"column":11},"end":{"line":48,"column":null}},"line":36}},"branchMap":{"0":{"loc":{"start":{"line":22,"column":4},"end":{"line":23,"column":null}},"type":"if","locations":[{"start":{"line":22,"column":4},"end":{"line":23,"column":null}},{"start":{},"end":{}}],"line":22}},"s":{"0":23,"1":4,"2":11,"3":11,"4":38,"5":1,"6":23,"7":4,"8":4,"9":49},"f":{"0":11,"1":38,"2":23,"3":4,"4":49},"b":{"0":[1,37]},"meta":{"lastBranch":1,"lastFunction":5,"lastStatement":10,"seen":{"s:27:2:28:Infinity":0,"s:31:2:33:Infinity":1,"f:13:2:13:14":0,"s:14:4:14:Infinity":2,"s:16:4:18:Infinity":3,"f:21:2:21:21":1,"b:22:4:23:Infinity:undefined:undefined:undefined:undefined":0,"s:22:4:23:Infinity":4,"s:23:6:23:Infinity":5,"f:27:2:27:18":2,"s:28:4:28:Infinity":6,"f:31:2:31:18":3,"s:32:4:32:Infinity":7,"s:33:4:33:Infinity":8,"f:36:2:36:11":4,"s:37:4:48:Infinity":9}}}
,"C:\\dev\\react-class-components\\src\\types\\character.ts": {"path":"C:\\dev\\react-class-components\\src\\types\\character.ts","statementMap":{},"fnMap":{},"branchMap":{},"s":{},"f":{},"b":{},"meta":{"lastBranch":0,"lastFunction":0,"lastStatement":0,"seen":{}}}
}
